#
# There is insufficient memory for the Java Runtime Environment to continue.
# Native memory allocation (mmap) failed to map 264241152 bytes for Failed to commit area from 0x00000000e0000000 to 0x00000000efc00000 of length 264241152.
# Possible reasons:
#   The system is out of physical RAM or swap space
#   The process is running with CompressedOops enabled, and the Java Heap may be blocking the growth of the native heap
# Possible solutions:
#   Reduce memory load on the system
#   Increase physical memory or swap space
#   Check if swap backing store is full
#   Decrease Java heap size (-Xmx/-Xms)
#   Decrease number of Java threads
#   Decrease Java thread stack sizes (-Xss)
#   Set larger code cache with -XX:ReservedCodeCacheSize=
# This output file may be truncated or incomplete.
#
#  Out of Memory Error (os_windows.cpp:3386), pid=19008, tid=42880
#
# JRE version:  (11.0.20.1+9) (build )
# Java VM: OpenJDK 64-Bit Server VM (11.0.20.1+9-LTS, mixed mode, sharing, tiered, compressed oops, g1 gc, windows-amd64)
# No core dump will be written. Minidumps are not enabled by default on client versions of Windows
#

---------------  S U M M A R Y ------------

Command Line: -Dorg.gradle.internal.worker.tmpdir=C:\Users\rahul.chaudhary\RahulAutomation\BDDFramework\build\tmp\test\work -Dorg.gradle.native=false -Xmx512m -Dfile.encoding=windows-1252 -Duser.country=IN -Duser.language=en -Duser.variant -ea worker.org.gradle.process.internal.worker.GradleWorkerMain 'Gradle Test Executor 1'

Host: 11th Gen Intel(R) Core(TM) i7-1165G7 @ 2.80GHz, 8 cores, 15G,  Windows 10 , 64 bit Build 19041 (10.0.19041.4717)
Time: Sun Sep 15 16:50:10 2024 India Standard Time elapsed time: 0.025988 seconds (0d 0h 0m 0s)

---------------  T H R E A D  ---------------

Current thread (0x0000016efbf96000):  JavaThread "Unknown thread" [_thread_in_vm, id=42880, stack(0x000000274f000000,0x000000274f100000)]

Stack: [0x000000274f000000,0x000000274f100000]
Native frames: (J=compiled Java code, j=interpreted, Vv=VM code, C=native code)
V  [jvm.dll+0x62418a]
V  [jvm.dll+0x7b1d69]
V  [jvm.dll+0x7b3458]
V  [jvm.dll+0x7b3b33]
V  [jvm.dll+0x250148]
V  [jvm.dll+0x62149a]
V  [jvm.dll+0x615a55]
V  [jvm.dll+0x30ab4c]
V  [jvm.dll+0x30a9d2]
V  [jvm.dll+0x30f6e6]
V  [jvm.dll+0x355cef]
V  [jvm.dll+0x355720]
V  [jvm.dll+0x2e7ab8]
V  [jvm.dll+0x2e8c16]
V  [jvm.dll+0x78bb87]
V  [jvm.dll+0x78d30f]
V  [jvm.dll+0x362a49]
V  [jvm.dll+0x76e9b0]
V  [jvm.dll+0x3d179f]
V  [jvm.dll+0x3d3b31]
C  [jli.dll+0x5227]
C  [ucrtbase.dll+0x21bb2]
C  [KERNEL32.DLL+0x17374]
C  [ntdll.dll+0x4cc91]


---------------  P R O C E S S  ---------------

Threads class SMR info:
_java_thread_list=0x0000016ef9d27ef0, length=0, elements={
}

Java Threads: ( => current thread )

Other Threads:
  0x0000016efbfaf800 GCTaskThread "GC Thread#0" [stack: 0x000000274f100000,0x000000274f200000] [id=43244]
  0x0000016efbfc0000 ConcurrentGCThread "G1 Main Marker" [stack: 0x000000274f200000,0x000000274f300000] [id=13356]
  0x0000016efbfc2000 ConcurrentGCThread "G1 Conc#0" [stack: 0x000000274f300000,0x000000274f400000] [id=60160]

[error occurred during error reporting (printing all threads), id 0xc0000005, EXCEPTION_ACCESS_VIOLATION (0xc0000005) at pc=0x00007ffbf45d72f7]

VM state:not at safepoint (not fully initialized)

VM Mutex/Monitor currently owned by a thread:  ([mutex/lock_event])
[0x0000016efbf937d0] Heap_lock - owner thread: 0x0000016efbf96000

Heap address: 0x00000000e0000000, size: 512 MB, Compressed Oops mode: Non-zero based: 0x00000000e0000000
Narrow klass base: 0x0000000000000000, Narrow klass shift: 0

GC Heap History (0 events):
No events

Deoptimization events (0 events):
No events

Classes redefined (0 events):
No events

Internal exceptions (0 events):
No events

Events (1 events):
Event: 0.017 Loaded shared library C:\Program Files\Amazon Corretto\jdk11.0.20_9\bin\zip.dll


Dynamic libraries:
0x00007ff6e2510000 - 0x00007ff6e251d000 	C:\Program Files\Amazon Corretto\jdk11.0.20_9\bin\java.exe
0x00007ffc2fed0000 - 0x00007ffc300c8000 	C:\WINDOWS\SYSTEM32\ntdll.dll
0x00007ffc2eda0000 - 0x00007ffc2ee61000 	C:\WINDOWS\System32\KERNEL32.DLL
0x00007ffc2d8c0000 - 0x00007ffc2dbbd000 	C:\WINDOWS\System32\KERNELBASE.dll
0x00007ffc2ddb0000 - 0x00007ffc2deb0000 	C:\WINDOWS\System32\ucrtbase.dll
0x00007ffbf4fc0000 - 0x00007ffbf4fd7000 	C:\Program Files\Amazon Corretto\jdk11.0.20_9\bin\jli.dll
0x00007ffbf4f40000 - 0x00007ffbf4f59000 	C:\Program Files\Amazon Corretto\jdk11.0.20_9\bin\VCRUNTIME140.dll
0x00007ffc2f770000 - 0x00007ffc2f90d000 	C:\WINDOWS\System32\USER32.dll
0x00007ffc2d6c0000 - 0x00007ffc2d6e2000 	C:\WINDOWS\System32\win32u.dll
0x00007ffc1bd20000 - 0x00007ffc1bfba000 	C:\WINDOWS\WinSxS\amd64_microsoft.windows.common-controls_6595b64144ccf1df_6.0.19041.4355_none_60b8b9eb71f62e16\COMCTL32.dll
0x00007ffc2f3d0000 - 0x00007ffc2f3fb000 	C:\WINDOWS\System32\GDI32.dll
0x00007ffc2ef60000 - 0x00007ffc2effe000 	C:\WINDOWS\System32\msvcrt.dll
0x00007ffc2dbc0000 - 0x00007ffc2dcd7000 	C:\WINDOWS\System32\gdi32full.dll
0x00007ffc2dd10000 - 0x00007ffc2ddad000 	C:\WINDOWS\System32\msvcp_win.dll
0x00007ffc2f130000 - 0x00007ffc2f15f000 	C:\WINDOWS\System32\IMM32.DLL
0x0000016ef9f10000 - 0x0000016ef9f24000 	C:\WINDOWS\System32\umppc18514.dll
0x00007ffbf4e70000 - 0x00007ffbf4f0b000 	C:\Program Files\Amazon Corretto\jdk11.0.20_9\bin\msvcp140.dll
0x00007ffbf42e0000 - 0x00007ffbf4e6b000 	C:\Program Files\Amazon Corretto\jdk11.0.20_9\bin\server\jvm.dll
0x00007ffc2f000000 - 0x00007ffc2f0b0000 	C:\WINDOWS\System32\ADVAPI32.dll
0x00007ffc2f910000 - 0x00007ffc2f9b0000 	C:\WINDOWS\System32\sechost.dll
0x00007ffc2e3d0000 - 0x00007ffc2e4f3000 	C:\WINDOWS\System32\RPCRT4.dll
0x00007ffc2dce0000 - 0x00007ffc2dd07000 	C:\WINDOWS\System32\bcrypt.dll
0x00007ffc2fac0000 - 0x00007ffc2fac8000 	C:\WINDOWS\System32\PSAPI.DLL
0x00007ffc0c2e0000 - 0x00007ffc0c2e9000 	C:\WINDOWS\SYSTEM32\WSOCK32.dll
0x00007ffc2fe20000 - 0x00007ffc2fe8b000 	C:\WINDOWS\System32\WS2_32.dll
0x00007ffc1d820000 - 0x00007ffc1d847000 	C:\WINDOWS\SYSTEM32\WINMM.dll
0x00007ffc23d20000 - 0x00007ffc23d2a000 	C:\WINDOWS\SYSTEM32\VERSION.dll
0x00007ffc2bac0000 - 0x00007ffc2bad2000 	C:\WINDOWS\SYSTEM32\kernel.appcore.dll
0x00007ffbfc790000 - 0x00007ffbfc7a0000 	C:\Program Files\Amazon Corretto\jdk11.0.20_9\bin\verify.dll
0x00007ffc2b6d0000 - 0x00007ffc2b8b4000 	C:\WINDOWS\SYSTEM32\DBGHELP.DLL
0x00007ffc0c280000 - 0x00007ffc0c2b4000 	C:\WINDOWS\SYSTEM32\dbgcore.DLL
0x00007ffc2d630000 - 0x00007ffc2d6b2000 	C:\WINDOWS\System32\bcryptPrimitives.dll
0x00007ffbfc730000 - 0x00007ffbfc758000 	C:\Program Files\Amazon Corretto\jdk11.0.20_9\bin\java.dll
0x00007ffbfb540000 - 0x00007ffbfb54a000 	C:\Program Files\Amazon Corretto\jdk11.0.20_9\bin\jimage.dll
0x00007ffbf40b0000 - 0x00007ffbf40c8000 	C:\Program Files\Amazon Corretto\jdk11.0.20_9\bin\zip.dll

dbghelp: loaded successfully - version: 4.0.5 - missing functions: none
symbol engine: initialized successfully - sym options: 0x614 - pdb path: .;C:\Program Files\Amazon Corretto\jdk11.0.20_9\bin;C:\WINDOWS\SYSTEM32;C:\WINDOWS\WinSxS\amd64_microsoft.windows.common-controls_6595b64144ccf1df_6.0.19041.4355_none_60b8b9eb71f62e16;C:\Program Files\Amazon Corretto\jdk11.0.20_9\bin\server

VM Arguments:
jvm_args: -Dorg.gradle.internal.worker.tmpdir=C:\Users\rahul.chaudhary\RahulAutomation\BDDFramework\build\tmp\test\work -Dorg.gradle.native=false -Xmx512m -Dfile.encoding=windows-1252 -Duser.country=IN -Duser.language=en -Duser.variant -ea 
java_command: worker.org.gradle.process.internal.worker.GradleWorkerMain 'Gradle Test Executor 1'
java_class_path (initial): C:\\Users\\rahul.chaudhary\\.gradle\\caches\\8.5\\workerMain\\gradle-worker.jar;C:\\Users\\rahul.chaudhary\\RahulAutomation\\BDDFramework\\build\\classes\\java\\test;C:\\Users\\rahul.chaudhary\\RahulAutomation\\BDDFramework\\build\\resources\\test;C:\\Users\\rahul.chaudhary\\RahulAutomation\\BDDFramework\\build\\classes\\java\\main;C:\\Users\\rahul.chaudhary\\.gradle\\caches\\modules-2\\files-2.1\\org.seleniumhq.selenium\\selenium-java\\4.24.0\\2cc38c8dbef9d6e8774f05c2d2e8088180858ed4\\selenium-java-4.24.0.jar;C:\\Users\\rahul.chaudhary\\.gradle\\caches\\modules-2\\files-2.1\\io.cucumber\\cucumber-testng\\7.11.2\\8ee32ee30c2c867b4df2e26cd2b3e5017d7a2799\\cucumber-testng-7.11.2.jar;C:\\Users\\rahul.chaudhary\\.gradle\\caches\\modules-2\\files-2.1\\org.testng\\testng\\7.9.0\\1434bfa83137430aef6322023e2b944074f9e87f\\testng-7.9.0.jar;C:\\Users\\rahul.chaudhary\\.gradle\\caches\\modules-2\\files-2.1\\io.cucumber\\cucumber-java\\7.16.1\\d9432323a6ba5f6b9de4cb9c190884e52cbdd47f\\cucumber-java-7.16.1.jar;C:\\Users\\rahul.chaudhary\\.gradle\\caches\\modules-2\\files-2.1\\io.github.bonigarcia\\webdrivermanager\\5.4.1\\442d8a6a6e5ad6aad7e1ac281be5845ad13b6ff0\\webdrivermanager-5.4.1.jar;C:\\Users\\rahul.chaudhary\\.gradle\\caches\\modules-2\\files-2.1\\com.github.docker-java\\docker-java\\3.3.2\\c0e9b2c82d30d8062da5347e8490880b38aa1ece\\docker-java-3.3.2.jar;C:\\Users\\rahul.chaudhary\\.gradle\\caches\\modules-2\\files-2.1\\com.github.docker-java\\docker-java-core\\3.3.2\\7d245f405b04eb10e43978b84b7948e35ef27309\\docker-java-core-3.3.2.jar;C:\\Users\\rahul.chaudhary\\.gradle\\caches\\modules-2\\files-2.1\\com.github.docker-java\\docker-java-api\\3.3.2\\de6345d2f69638a224f73d9e62de83c7692e436\\docker-java-api-3.3.2.jar;C:\\Users\\rahul.chaudhary\\.gradle\\caches\\modules-2\\files-2.1\\com.fasterxml.jackson.core\\jackson-annotations\\2.17.2\\147b7b9412ffff24339f8aba080b292448e08698\\jackson-annotations-2.17.2.jar;C:\\Users\\rahul.chaudhary\\.gradle\
Launcher Type: SUN_STANDARD

[Global flags]
     intx CICompilerCount                          = 4                                         {product} {ergonomic}
     uint ConcGCThreads                            = 2                                         {product} {ergonomic}
     uint G1ConcRefinementThreads                  = 8                                         {product} {ergonomic}
   size_t G1HeapRegionSize                         = 1048576                                   {product} {ergonomic}
    uintx GCDrainStackTargetSize                   = 64                                        {product} {ergonomic}
   size_t InitialHeapSize                          = 264241152                                 {product} {ergonomic}
   size_t MarkStackSize                            = 4194304                                   {product} {ergonomic}
   size_t MaxHeapSize                              = 536870912                                 {product} {command line}
   size_t MinHeapDeltaBytes                        = 1048576                                   {product} {ergonomic}
    uintx NonNMethodCodeHeapSize                   = 5836300                                {pd product} {ergonomic}
    uintx NonProfiledCodeHeapSize                  = 122910970                              {pd product} {ergonomic}
    uintx ProfiledCodeHeapSize                     = 122910970                              {pd product} {ergonomic}
    uintx ReservedCodeCacheSize                    = 251658240                              {pd product} {ergonomic}
     bool SegmentedCodeCache                       = true                                      {product} {ergonomic}
     bool UseCompressedClassPointers               = true                                 {lp64_product} {ergonomic}
     bool UseCompressedOops                        = true                                 {lp64_product} {ergonomic}
     bool UseG1GC                                  = true                                      {product} {ergonomic}
     bool UseLargePagesIndividualAllocation        = false                                  {pd product} {ergonomic}

Logging:
Log output configuration:
 #0: stdout all=warning uptime,level,tags
 #1: stderr all=off uptime,level,tags

Environment Variables:
JAVA_HOME=C:\Program Files\Amazon Corretto\jdk11.0.20_9
PATH=C:\Program Files\Amazon Corretto\jdk11.0.20_9\bin;C:\WINDOWS\system32;C:\WINDOWS;C:\WINDOWS\System32\Wbem;C:\WINDOWS\System32\WindowsPowerShell\v1.0\;C:\WINDOWS\System32\OpenSSH\;C:\Program Files\dotnet\;C:\Program Files\nodejs\;C:\Program Files\Git\cmd;C:\Program Files (x86)\Microsoft SQL Server\150\DTS\Binn\;C:\Program Files\Azure Data Studio\bin;C:\Users\rahul.chaudhary\apache-maven-3.9.4\bin;C:\Program Files\Microsoft SQL Server\150\Tools\Binn\;C:\Program Files\Microsoft SQL Server\Client SDK\ODBC\170\Tools\Binn\;C:\Program Files (x86)\Microsoft SQL Server\150\Tools\Binn\;C:\Program Files\Microsoft SQL Server\150\DTS\Binn\;C:\Users\rahul.chaudhary\AppData\Local\Microsoft\WindowsApps;C:\Users\rahul.chaudhary\AppData\Roaming\npm;C:\Users\rahul.chaudhary\AppData\Local\Programs\Microsoft VS Code\bin;C:\Program Files\nodejs\;;C:\Program Files\Azure Data Studio\bin;C:\Users\rahul.chaudhary\.dotnet\tools;C:\Program Files\JetBrains\IntelliJ IDEA Community Edition 2024.1.3\bin;
USERNAME=rahul.chaudhary
OS=Windows_NT
PROCESSOR_IDENTIFIER=Intel64 Family 6 Model 140 Stepping 1, GenuineIntel
TMP=C:\Users\RAHUL~1.CHA\AppData\Local\Temp
TEMP=C:\Users\RAHUL~1.CHA\AppData\Local\Temp



---------------  S Y S T E M  ---------------

OS: Windows 10 , 64 bit Build 19041 (10.0.19041.4717)
OS uptime: 11 days 23:44 hours

CPU:total 8 (initial active 8) (4 cores per cpu, 2 threads per core) family 6 model 140 stepping 1 microcode 0xac, cmov, cx8, fxsr, mmx, sse, sse2, sse3, ssse3, sse4.1, sse4.2, popcnt, avx, avx2, aes, clmul, erms, 3dnowpref, lzcnt, ht, tsc, tscinvbit, bmi1, bmi2, adx, evex, sha, fma

Memory: 4k page, system-wide physical 16122M (687M free)
TotalPageFile size 65274M (AvailPageFile size 165M)
current process WorkingSet (physical memory assigned to process): 10M, peak: 10M
current process commit charge ("private bytes"): 59M, peak: 311M

vm_info: OpenJDK 64-Bit Server VM (11.0.20.1+9-LTS) for windows-amd64 JRE (11.0.20.1+9-LTS), built on Aug 19 2023 03:46:24 by "Administrator" with MS VC++ 15.9 (VS2017)

END.
